<?xml version="1.0" encoding="UTF-8"?>
<!-- Generated by org.testng.reporters.JUnitReportReporter -->
<testsuite hostname="DESKTOP-GCSIR5M" failures="0" tests="1" name="com.example.demo.PDFbox.ReadPDF" time="0.968" errors="0" timestamp="2022-08-03T15:09:02 IST" skipped="0">
  <testcase classname="com.example.demo.PDFbox.ReadPDF" name="readPDFfile" time="0.968"/>
  <system-out/>
</testsuite> <!-- com.example.demo.PDFbox.ReadPDF -->
